[root@DrZhao original]# ./main
================ Copilot SQL 优化助手 V4.0 ================
本工具可帮助你分析GaussDB SQL及其执行计划，自动生成优化建议和优化后SQL。

【新功能特性】
✓ 循环迭代式优化：通过多轮对话逐步完善优化方案
✓ 双知识源支持：结合官方文档和通用优化知识
✓ 分层标注报告：清晰标识每个建议的来源和优先级
✓ 智能追问机制：自动识别信息缺口并引导用户补充

【使用说明】
1. 先输入SQL语句（可多行，END/#END/两次空行结束）
2. 再输入查询计划分析（EXPLAIN(ANALYZE)结果，可多行，END/#END/两次空行结束）
3. 程序将自动调用AI分析并输出建议，如需补充信息会自动提问。
4. 在补充信息环节，输入exit或quit并回车可随时结束会诊。
====================================================

【步骤1】正在加载AI模型配置……

可用AI模型列表：
  1. deepseek-chat (openai)
  2. deepseek-reasoner (openai)
  3. ollama-local (ollama)
  4. ollama-codellama (ollama)
  5. ollama-llama3 (ollama)
  6. 测试所有AI模型连接

请选择要使用的AI模型 (1-6，默认选择1): 1

已选择AI模型：deepseek-chat（类型：openai）

【步骤1】请输入SQL语句（可多行，END/#END/两次空行结束）：
请粘贴或输入SQL，结束后输入END/#END或连续两次空行：
benchmark_job=#  explain (analyze)
benchmark_job-# SELECT MIN(t.title) AS movie_title
benchmark_job-# FROM company_name AS cn,
benchmark_job-#      keyword AS k,
benchmark_job-#      movie_companies AS mc,
benchmark_job-#      movie_keyword AS mk,
benchmark_job-#      title AS t
benchmark_job-# WHERE cn.country_code ='[sm]'
benchmark_job-#   AND k.keyword ='character-name-in-title'
benchmark_job-#   AND cn.id = mc.company_id
benchmark_job-#   AND mc.movie_id = t.id
benchmark_job-#   AND t.id = mk.movie_id
benchmark_job-#   AND mk.keyword_id = k.id
benchmark_job-#   AND mc.movie_id = mk.movie_id;



已收到SQL语句，内容如下：
benchmark_job=#  explain (analyze)
benchmark_job-# SELECT MIN(t.title) AS movie_title
benchmark_job-# FROM company_name AS cn,
benchmark_job-#      keyword AS k,
benchmark_job-#      movie_companies AS mc,
benchmark_job-#      movie_keyword AS mk,
benchmark_job-#      title AS t
benchmark_job-# WHERE cn.country_code ='[sm]'
benchmark_job-#   AND k.keyword ='character-name-in-title'
benchmark_job-#   AND cn.id = mc.company_id
benchmark_job-#   AND mc.movie_id = t.id
benchmark_job-#   AND t.id = mk.movie_id
benchmark_job-#   AND mk.keyword_id = k.id
benchmark_job-#   AND mc.movie_id = mk.movie_id;


【步骤2】请输入查询计划分析（EXPLAIN(ANALYZE)结果，可多行，END/#END/两次空行结束）：
请粘贴或输入执行计划，结束后输入END/#END或连续两次空行：
[Parameterized]
 Aggregate  (cost=2704.58..2704.59 rows=1 width=49) (actual time=3824.459..3824.461 rows=1 loops=1)
   ->  Nested Loop  (cost=1.61..2704.58 rows=1 width=17) (actual time=3824.403..3824.403 rows=0 loops=1)
         ->  Nested Loop  (cost=1.61..2702.54 rows=1 width=8) (actual time=3824.397..3824.397 rows=0 loops=1)
               ->  Nested Loop  (cost=1.61..2565.84 rows=69 width=12) (actual time=61.330..1822.306 rows=148552 loops=1)
                     ->  Nested Loop  (cost=1.61..2474.63 rows=33 width=4) (actual time=61.088..862.515 rows=41840 loops=1)
                           ->  Seq Scan on keyword k  (cost=0.00..2436.12 rows=1 width=4) (actual time=7.070..69.618 rows=1 loops=1)
                                 Filter: (keyword = 'character-name-in-title'::text), (Expression Flatten Optimized)
                                 Rows Removed by Filter: 134169
                           ->  Bitmap Heap Scan on movie_keyword mk  (cost=1.61..38.17 rows=33 width=8) (actual time=54.004..773.511 rows=41840 loops=1)
                                 Recheck Cond: (keyword_id = k.id), (Expression Flatten Optimized)
                                 Heap Blocks: exact=9696
                                 ->  Bitmap Index Scan on keyword_id_movie_keyword  (cost=0.00..1.60 rows=33 width=0) (actual time=50.856..50.856 rows=41840 loops=1)
                                       Index Cond: (keyword_id = k.id)
                     ->  Index Scan using movie_id_movie_companies on movie_companies mc  (cost=0.00..2.74 rows=2 width=8) (actual time=622.484..852.392 rows=148552 loops=41840)
                           Index Cond: (movie_id = mk.movie_id)
               ->  Index Scan using company_name_pkey on company_name cn  (cost=0.00..1.97 rows=1 width=4) (actual time=1855.170..1855.170 rows=0 loops=148552)
                     Index Cond: (id = mc.company_id)
                     Filter: ((country_code)::text = '[sm]'::text)
                     Rows Removed by Filter: 148552
         ->  Index Scan using title_pkey on title t  (cost=0.00..2.02 rows=1 width=21) (Actual time: never executed)
               Index Cond: (id = mc.movie_id)
 Total runtime: 3831.762 ms



已收到查询计划分析，内容如下：
[Parameterized]
 Aggregate  (cost=2704.58..2704.59 rows=1 width=49) (actual time=3824.459..3824.461 rows=1 loops=1)
   ->  Nested Loop  (cost=1.61..2704.58 rows=1 width=17) (actual time=3824.403..3824.403 rows=0 loops=1)
         ->  Nested Loop  (cost=1.61..2702.54 rows=1 width=8) (actual time=3824.397..3824.397 rows=0 loops=1)
               ->  Nested Loop  (cost=1.61..2565.84 rows=69 width=12) (actual time=61.330..1822.306 rows=148552 loops=1)
                     ->  Nested Loop  (cost=1.61..2474.63 rows=33 width=4) (actual time=61.088..862.515 rows=41840 loops=1)
                           ->  Seq Scan on keyword k  (cost=0.00..2436.12 rows=1 width=4) (actual time=7.070..69.618 rows=1 loops=1)
                                 Filter: (keyword = 'character-name-in-title'::text), (Expression Flatten Optimized)
                                 Rows Removed by Filter: 134169
                           ->  Bitmap Heap Scan on movie_keyword mk  (cost=1.61..38.17 rows=33 width=8) (actual time=54.004..773.511 rows=41840 loops=1)
                                 Recheck Cond: (keyword_id = k.id), (Expression Flatten Optimized)
                                 Heap Blocks: exact=9696
                                 ->  Bitmap Index Scan on keyword_id_movie_keyword  (cost=0.00..1.60 rows=33 width=0) (actual time=50.856..50.856 rows=41840 loops=1)
                                       Index Cond: (keyword_id = k.id)
                     ->  Index Scan using movie_id_movie_companies on movie_companies mc  (cost=0.00..2.74 rows=2 width=8) (actual time=622.484..852.392 rows=148552 loops=41840)
                           Index Cond: (movie_id = mk.movie_id)
               ->  Index Scan using company_name_pkey on company_name cn  (cost=0.00..1.97 rows=1 width=4) (actual time=1855.170..1855.170 rows=0 loops=148552)
                     Index Cond: (id = mc.company_id)
                     Filter: ((country_code)::text = '[sm]'::text)
                     Rows Removed by Filter: 148552
         ->  Index Scan using title_pkey on title t  (cost=0.00..2.02 rows=1 width=21) (Actual time: never executed)
               Index Cond: (id = mc.movie_id)
 Total runtime: 3831.762 ms


===== 第 1 轮优化分析 =====

【步骤3】正在进行智能分析，请稍候……
正在执行完整的Agent工作流程...
【Agent 1】输入处理...
【Agent 2】诊断分析...
正在调用AI模型: deepseek-chat (第1次尝试)...
AI调用成功！
【Agent 3】策略生成...
正在调用AI模型: deepseek-chat (第1次尝试)...
等待 2 秒后重试...
正在调用AI模型: deepseek-chat (第2次尝试)...
等待 4 秒后重试...
正在调用AI模型: deepseek-chat (第3次尝试)...
【Agent 4】报告生成...

===== 当前轮次优化分析报告 =====
# SQL优化分析报告

## 1. 基于官方文档的优化建议 [来源: 官方文档]

### 1.1 使用索引扫描Hint优化全表扫描
**建议**: 建议使用 `/*+ indexscan(table_name index_name) */` 强制使用索引扫描
**理由**: 根据openGauss官方文档，可以使用indexscan hint强制使用索引扫描，避免全表扫描
**优化SQL**:
```sql
SELECT /*+ indexscan(table_name index_name) */ * FROM table_name WHERE condition;
```

### 1.2 使用Leading Hint优化连接顺序
**建议**: 建议使用 `/*+ leading(table1 table2 table3) */` 指定连接顺序
**理由**: 根据openGauss官方文档，leading hint可以指定表的连接顺序，优化查询性能
**优化SQL**:
```sql
SELECT /*+ leading(table1 table2 table3) */ * FROM table1, table2, table3 WHERE ...;
```

## 2. 通用SQL优化建议 [来源: 通用SQL优化建议]

### 2.1 使用窗口函数优化聚合操作
**建议**: 考虑使用窗口函数替代自连接进行聚合计算
**理由**: 窗口函数可以避免自连接，提高聚合操作的性能
**优化SQL**:
```sql
SELECT *, ROW_NUMBER() OVER (PARTITION BY col ORDER BY other_col) as rn FROM table;
```

## 3. 数据库设计优化建议 [来源: 数据库设计思路]

### 3.1 创建复合索引优化查询
**建议**: 为经常查询的列组合创建复合索引
**理由**: 复合索引可以同时支持多个查询条件，减少全表扫描
**优化SQL**:
```sql
CREATE INDEX idx_table_col1_col2 ON table(col1, col2);
```

## 4. 启发式优化建议 [来源: 启发式设计思路]

### 4.1 更新统计信息优化查询
**建议**: 定期更新表统计信息，确保优化器生成准确的执行计划
**理由**: 准确的统计信息是优化器生成高效执行计划的基础
**优化SQL**:
```sql
ANALYZE table_name;
```

### 4.2 更新统计信息优化查询
**建议**: 定期更新表统计信息，确保优化器生成准确的执行计划
**理由**: 准确的统计信息是优化器生成高效执行计划的基础
**优化SQL**:
```sql
ANALYZE table_name;
```

### 4.3 更新统计信息优化查询
**建议**: 定期更新表统计信息，确保优化器生成准确的执行计划
**理由**: 准确的统计信息是优化器生成高效执行计划的基础
**优化SQL**:
```sql
ANALYZE table_name;
```

## 5. 优化后SQL汇总

### [来源: 官方文档] 优化SQL

**使用索引扫描Hint优化全表扫描**
```sql
SELECT /*+ indexscan(table_name index_name) */ * FROM table_name WHERE condition;
```

**使用Leading Hint优化连接顺序**
```sql
SELECT /*+ leading(table1 table2 table3) */ * FROM table1, table2, table3 WHERE ...;
```

### [来源: 通用SQL优化建议] 优化SQL

**使用窗口函数优化聚合操作**
```sql
SELECT *, ROW_NUMBER() OVER (PARTITION BY col ORDER BY other_col) as rn FROM table;
```

### [来源: 数据库设计思路] 优化SQL

**创建复合索引优化查询**
```sql
CREATE INDEX idx_table_col1_col2 ON table(col1, col2);
```

### [来源: 启发式设计思路] 优化SQL

**更新统计信息优化查询**
```sql
ANALYZE table_name;
```

**更新统计信息优化查询**
```sql
ANALYZE table_name;
```

**更新统计信息优化查询**
```sql
ANALYZE table_name;
```

## 6. 预期优化效果

### 优化策略统计
- 基于官方文档的策略: 2 个
- 通用SQL优化策略: 1 个
- 数据库设计策略: 1 个
- 启发式优化策略: 3 个

### 预期性能提升
- **官方文档策略**: 通常可带来显著的性能提升，建议优先实施
- **通用SQL优化**: 可改善查询逻辑，减少不必要的计算
- **数据库设计**: 长期优化方案，需要数据库结构调整
- **启发式优化**: 辅助性优化，建议结合其他策略使用

### 实施建议
1. 优先实施基于官方文档的优化策略
2. 根据业务情况选择性地应用其他优化策略
3. 在测试环境中验证优化效果后再应用到生产环境
4. 定期监控查询性能，根据实际情况调整优化策略


===== 需要您补充信息以继续优化 =====
## 需要您补充的信息

为了提供更精准的优化建议，请您补充以下信息：

**问题 1**: 请提供具体的表名和索引名称，以便生成更精确的优化建议。
**原因**: 需要具体的表名和索引信息来生成准确的Hint和索引建议。
**期望格式**: 表名: xxx, 索引名: xxx

**问题 2**: 请提供相关表的数据量信息（行数、大小等），以便评估优化效果。
**原因**: 数据量信息有助于评估索引效果和选择合适的优化策略。
**期望格式**: 表名: xxx, 行数: xxx, 大小: xxx

**问题 3**: 请说明是否有业务约束（如不能建索引、不能修改表结构等）。
**原因**: 业务约束会影响可选的优化策略。
**期望格式**: 约束描述: xxx

**问题 4**: 请说明具体的性能要求（如响应时间、并发量等）。
**原因**: 性能要求是优化目标的重要参考。
**期望格式**: 性能要求: xxx

**问题 5**: 请确认上述建议是否符合您的实际情况，如有不符请说明。
**原因**: 需要确认假设性建议的适用性。
**期望格式**: 确认或说明: xxx

## 如何继续
- 请按上述问题提供相关信息
- 输入 'accept' 接受当前优化方案
- 输入 'exit' 退出优化会话

请输入您的补充信息或问题（多行，END/#END/两次空行结束，或输入exit/quit退出）：
暂时没有，继续检查



感谢您提供的信息，正在进行新一轮分析...


===== 第 2 轮优化分析 =====

【步骤3】正在进行智能分析，请稍候……
正在执行完整的Agent工作流程...
【Agent 1】输入处理...
【Agent 2】诊断分析...
正在调用AI模型: deepseek-chat (第1次尝试)...
等待 2 秒后重试...
正在调用AI模型: deepseek-chat (第2次尝试)...
AI调用成功！
【Agent 3】策略生成...
正在调用AI模型: deepseek-chat (第1次尝试)...
等待 2 秒后重试...
正在调用AI模型: deepseek-chat (第2次尝试)...
等待 4 秒后重试...
正在调用AI模型: deepseek-chat (第3次尝试)...
【Agent 4】报告生成...

===== 当前轮次优化分析报告 =====
# SQL优化分析报告

## 1. 基于官方文档的优化建议 [来源: 官方文档]

### 1.1 使用索引扫描Hint优化全表扫描
**建议**: 建议使用 `/*+ indexscan(table_name index_name) */` 强制使用索引扫描
**理由**: 根据openGauss官方文档，可以使用indexscan hint强制使用索引扫描，避免全表扫描
**优化SQL**:
```sql
SELECT /*+ indexscan(table_name index_name) */ * FROM table_name WHERE condition;
```

### 1.2 使用Leading Hint优化连接顺序
**建议**: 建议使用 `/*+ leading(table1 table2 table3) */` 指定连接顺序
**理由**: 根据openGauss官方文档，leading hint可以指定表的连接顺序，优化查询性能
**优化SQL**:
```sql
SELECT /*+ leading(table1 table2 table3) */ * FROM table1, table2, table3 WHERE ...;
```

## 2. 通用SQL优化建议 [来源: 通用SQL优化建议]

### 2.1 使用窗口函数优化聚合操作
**建议**: 考虑使用窗口函数替代自连接进行聚合计算
**理由**: 窗口函数可以避免自连接，提高聚合操作的性能
**优化SQL**:
```sql
SELECT *, ROW_NUMBER() OVER (PARTITION BY col ORDER BY other_col) as rn FROM table;
```

## 3. 数据库设计优化建议 [来源: 数据库设计思路]

### 3.1 创建复合索引优化查询
**建议**: 为经常查询的列组合创建复合索引
**理由**: 复合索引可以同时支持多个查询条件，减少全表扫描
**优化SQL**:
```sql
CREATE INDEX idx_table_col1_col2 ON table(col1, col2);
```

## 4. 启发式优化建议 [来源: 启发式设计思路]

### 4.1 更新统计信息优化查询
**建议**: 定期更新表统计信息，确保优化器生成准确的执行计划
**理由**: 准确的统计信息是优化器生成高效执行计划的基础
**优化SQL**:
```sql
ANALYZE table_name;
```

### 4.2 更新统计信息优化查询
**建议**: 定期更新表统计信息，确保优化器生成准确的执行计划
**理由**: 准确的统计信息是优化器生成高效执行计划的基础
**优化SQL**:
```sql
ANALYZE table_name;
```

### 4.3 更新统计信息优化查询
**建议**: 定期更新表统计信息，确保优化器生成准确的执行计划
**理由**: 准确的统计信息是优化器生成高效执行计划的基础
**优化SQL**:
```sql
ANALYZE table_name;
```

## 5. 优化后SQL汇总

### [来源: 官方文档] 优化SQL

**使用索引扫描Hint优化全表扫描**
```sql
SELECT /*+ indexscan(table_name index_name) */ * FROM table_name WHERE condition;
```

**使用Leading Hint优化连接顺序**
```sql
SELECT /*+ leading(table1 table2 table3) */ * FROM table1, table2, table3 WHERE ...;
```

### [来源: 通用SQL优化建议] 优化SQL

**使用窗口函数优化聚合操作**
```sql
SELECT *, ROW_NUMBER() OVER (PARTITION BY col ORDER BY other_col) as rn FROM table;
```

### [来源: 数据库设计思路] 优化SQL

**创建复合索引优化查询**
```sql
CREATE INDEX idx_table_col1_col2 ON table(col1, col2);
```

### [来源: 启发式设计思路] 优化SQL

**更新统计信息优化查询**
```sql
ANALYZE table_name;
```

**更新统计信息优化查询**
```sql
ANALYZE table_name;
```

**更新统计信息优化查询**
```sql
ANALYZE table_name;
```

## 6. 预期优化效果

### 优化策略统计
- 基于官方文档的策略: 2 个
- 通用SQL优化策略: 1 个
- 数据库设计策略: 1 个
- 启发式优化策略: 3 个

### 预期性能提升
- **官方文档策略**: 通常可带来显著的性能提升，建议优先实施
- **通用SQL优化**: 可改善查询逻辑，减少不必要的计算
- **数据库设计**: 长期优化方案，需要数据库结构调整
- **启发式优化**: 辅助性优化，建议结合其他策略使用

### 实施建议
1. 优先实施基于官方文档的优化策略
2. 根据业务情况选择性地应用其他优化策略
3. 在测试环境中验证优化效果后再应用到生产环境
4. 定期监控查询性能，根据实际情况调整优化策略


===== 需要您补充信息以继续优化 =====
## 需要您补充的信息

为了提供更精准的优化建议，请您补充以下信息：

**问题 1**: 请提供具体的表名和索引名称，以便生成更精确的优化建议。
**原因**: 需要具体的表名和索引信息来生成准确的Hint和索引建议。
**期望格式**: 表名: xxx, 索引名: xxx

**问题 2**: 请提供相关表的数据量信息（行数、大小等），以便评估优化效果。
**原因**: 数据量信息有助于评估索引效果和选择合适的优化策略。
**期望格式**: 表名: xxx, 行数: xxx, 大小: xxx

**问题 3**: 请说明是否有业务约束（如不能建索引、不能修改表结构等）。
**原因**: 业务约束会影响可选的优化策略。
**期望格式**: 约束描述: xxx

**问题 4**: 请说明具体的性能要求（如响应时间、并发量等）。
**原因**: 性能要求是优化目标的重要参考。
**期望格式**: 性能要求: xxx

**问题 5**: 请确认上述建议是否符合您的实际情况，如有不符请说明。
**原因**: 需要确认假设性建议的适用性。
**期望格式**: 确认或说明: xxx

## 如何继续
- 请按上述问题提供相关信息
- 输入 'accept' 接受当前优化方案
- 输入 'exit' 退出优化会话

请输入您的补充信息或问题（多行，END/#END/两次空行结束，或输入exit/quit退出）：