报告每一个语句由4部分组成：原来的SQL，原来的分析报告，优化内容，优化报告
# 语句1（02c）
**原来的SQL：**
```sql
benchmark_job=#  explain (analyze)
benchmark_job-# SELECT MIN(t.title) AS movie_title
benchmark_job-# FROM company_name AS cn,
benchmark_job-#      keyword AS k,
benchmark_job-#      movie_companies AS mc,
benchmark_job-#      movie_keyword AS mk,
benchmark_job-#      title AS t
benchmark_job-# WHERE cn.country_code ='[sm]'
benchmark_job-#   AND k.keyword ='character-name-in-title'
benchmark_job-#   AND cn.id = mc.company_id
benchmark_job-#   AND mc.movie_id = t.id
benchmark_job-#   AND t.id = mk.movie_id
benchmark_job-#   AND mk.keyword_id = k.id
benchmark_job-#   AND mc.movie_id = mk.movie_id;
```

**原来的输出：**
```sql
[Parameterized]
 Aggregate  (cost=2704.58..2704.59 rows=1 width=49) (actual time=3824.459..3824.461 rows=1 loops=1)
   ->  Nested Loop  (cost=1.61..2704.58 rows=1 width=17) (actual time=3824.403..3824.403 rows=0 loops=1)
         ->  Nested Loop  (cost=1.61..2702.54 rows=1 width=8) (actual time=3824.397..3824.397 rows=0 loops=1)
               ->  Nested Loop  (cost=1.61..2565.84 rows=69 width=12) (actual time=61.330..1822.306 rows=148552 loops=1)
                     ->  Nested Loop  (cost=1.61..2474.63 rows=33 width=4) (actual time=61.088..862.515 rows=41840 loops=1)
                           ->  Seq Scan on keyword k  (cost=0.00..2436.12 rows=1 width=4) (actual time=7.070..69.618 rows=1 loops=1)
                                 Filter: (keyword = 'character-name-in-title'::text), (Expression Flatten Optimized)
                                 Rows Removed by Filter: 134169
                           ->  Bitmap Heap Scan on movie_keyword mk  (cost=1.61..38.17 rows=33 width=8) (actual time=54.004..773.511 rows=41840 loops=1)
                                 Recheck Cond: (keyword_id = k.id), (Expression Flatten Optimized)
                                 Heap Blocks: exact=9696
                                 ->  Bitmap Index Scan on keyword_id_movie_keyword  (cost=0.00..1.60 rows=33 width=0) (actual time=50.856..50.856 rows=41840 loops=1)
                                       Index Cond: (keyword_id = k.id)
                     ->  Index Scan using movie_id_movie_companies on movie_companies mc  (cost=0.00..2.74 rows=2 width=8) (actual time=622.484..852.392 rows=148552 loops=41840)
                           Index Cond: (movie_id = mk.movie_id)
               ->  Index Scan using company_name_pkey on company_name cn  (cost=0.00..1.97 rows=1 width=4) (actual time=1855.170..1855.170 rows=0 loops=148552)
                     Index Cond: (id = mc.company_id)
                     Filter: ((country_code)::text = '[sm]'::text)
                     Rows Removed by Filter: 148552
         ->  Index Scan using title_pkey on title t  (cost=0.00..2.02 rows=1 width=21) (Actual time: never executed)
               Index Cond: (id = mc.movie_id)
 Total runtime: 3831.762 ms
```

Q1：调优的输出：

```sql
# SQL优化分析报告

## 1. 优化建议

### 执行计划关键问题分析

1. **行数估算偏差严重**：
   - `movie_companies`表估算返回2行，实际返回148552行（循环41840次）
   - `company_name`表估算返回1行，实际过滤掉所有148552行记录

2. **连接顺序不合理**：
   - 当前连接顺序：keyword → movie_keyword → movie_companies → company_name → title
   - 问题：先连接大表(movie_keyword和movie_companies)产生大量中间结果(148552行)，最后才用严格条件过滤(country_code='[sm]')

3. **性能瓶颈点**：
   - Bitmap Heap Scan on movie_keyword：实际耗时773ms
   - Index Scan on movie_companies：循环41840次，每次0.02ms，总耗时852ms
   - Index Scan on company_name：循环148552次，每次0.01ms，总耗时1855ms

4. **数据倾斜**：
   - `keyword`表过滤后只有1行，但关联的`movie_keyword`表产生41840行
   - `country_code='[sm]'`条件过滤掉所有记录，但之前已处理大量数据

### 具体优化建议

1. **调整连接顺序**：
   - 优先应用高选择性过滤条件(country_code='[sm]'和keyword='character-name-in-title')
   - 建议顺序：company_name → keyword → movie_companies → movie_keyword → title

2. **使用Hash Join替代Nested Loop**：
   - 对于大表连接(movie_companies和movie_keyword)更适合Hash Join

3. **添加索引**：
   - 在company_name.country_code上创建索引
   - 考虑在movie_companies(company_id,movie_id)上创建复合索引

4. **统计信息更新**：
   - 对movie_companies和movie_keyword表执行ANALYZE
   - 增加default_statistics_target以提高统计信息准确性

5. **参数调优**：
   - 适当增加work_mem以支持Hash Join
   - 考虑启用并行查询(query_dop)

## 2. 优化后SQL

```sql
-- 设置优化参数
SET LOCAL work_mem = '64MB';
SET LOCAL query_dop = 4;

-- 优化后查询
SELECT MIN(t.title) AS movie_title
FROM company_name AS cn
JOIN keyword AS k ON k.keyword = 'character-name-in-title'
JOIN movie_companies AS mc ON cn.id = mc.company_id
JOIN movie_keyword AS mk ON (mc.movie_id = mk.movie_id AND mk.keyword_id = k.id)
JOIN title AS t ON mc.movie_id = t.id
WHERE cn.country_code = '[sm]';

/* 优化说明：
1. 调整连接顺序，优先过滤高选择性条件
2. 使用显式JOIN语法控制连接顺序
3. 合并连接条件(mc.movie_id = mk.movie_id AND mk.keyword_id = k.id)
4. 添加work_mem和query_dop参数支持Hash Join和并行查询
*/
```


## 3. 需要用户补充的信息

1. **表数据量**：
   - 请提供company_name、movie_companies、movie_keyword表的行数
   - 特别是country_code='[sm]'的记录数和分布情况

2. **现有索引情况**：
   - 请确认company_name.country_code是否有索引
   - 确认movie_companies(company_id,movie_id)是否有复合索引

3. **业务约束**：
   - country_code的过滤条件是否固定为'[sm]'？
   - 查询是否经常需要获取不同country_code的数据？

4. **系统配置**：
   - 当前work_mem和query_dop的设置值
   - 服务器可用内存和CPU核心数

## 4. 预期优化效果

1. **执行时间**：
   - 当前执行时间：3831ms
   - 预期优化后：预计可减少到500ms以下（假设country_code='[sm]'是高选择性条件）

2. **资源消耗**：
   - 减少内存使用：避免产生大量中间结果
   - 降低CPU消耗：减少Nested Loop的循环次数

3. **可扩展性**：
   - 优化后的查询对数据量增长更具弹性
   - 并行查询能力可更好利用多核资源
```
---

**调优的SQL效果**
```
 [Parameterized]
 Aggregate  (cost=2704.58..2704.59 rows=1 width=49) (actual time=2413.953..2413.953 rows=1 loops=1)
   ->  Nested Loop  (cost=1.61..2704.58 rows=1 width=17) (actual time=2413.916..2413.916 rows=0 loops=1)
         ->  Nested Loop  (cost=1.61..2702.54 rows=1 width=8) (actual time=2413.912..2413.912 rows=0 loops=1)
               ->  Nested Loop  (cost=1.61..2565.84 rows=69 width=12) (actual time=17.389..1003.184 rows=148552 loops=1)
                     ->  Nested Loop  (cost=1.61..2474.63 rows=33 width=4) (actual time=17.275..295.750 rows=41840 loops=1)
                           ->  Seq Scan on keyword k  (cost=0.00..2436.12 rows=1 width=4) (actual time=2.756..63.323 rows=1 loops=1)
                                 Filter: (keyword = 'character-name-in-title'::text), (Expression Flatten Optimized)
                                 Rows Removed by Filter: 134169
                           ->  Bitmap Heap Scan on movie_keyword mk  (cost=1.61..38.17 rows=33 width=8) (actual time=14.505..217.094 rows=41840 loops=1)
                                 Recheck Cond: (keyword_id = k.id), (Expression Flatten Optimized)
                                 Heap Blocks: exact=9696
                                 ->  Bitmap Index Scan on keyword_id_movie_keyword  (cost=0.00..1.60 rows=33 width=0) (actual time=11.395..11.395 rows=41840 loops=1)
                                       Index Cond: (keyword_id = k.id)
                     ->  Index Scan using movie_id_movie_companies on movie_companies mc  (cost=0.00..2.74 rows=2 width=8) (actual time=437.301..609.330 rows=148552 loops=41840)
                           Index Cond: (movie_id = mk.movie_id)
               ->  Index Scan using company_name_pkey on company_name cn  (cost=0.00..1.97 rows=1 width=4) (actual time=1285.446..1285.446 rows=0 loops=148552)
                     Index Cond: (id = mc.company_id)
                     Filter: ((country_code)::text = '[sm]'::text)
                     Rows Removed by Filter: 148552
         ->  Index Scan using title_pkey on title t  (cost=0.00..2.02 rows=1 width=21) (Actual time: never executed)
               Index Cond: (id = mc.movie_id)
 Total runtime: 2415.327 ms
```

# 语句2（01b）

**原来的SQL语句**
```sql
SELECT MIN(mc.note) AS production_note,
       MIN(t.title) AS movie_title,
       MIN(t.production_year) AS movie_year
FROM company_type AS ct,
     info_type AS it,
     movie_companies AS mc,
     movie_info_idx AS mi_idx,
     title AS t
WHERE ct.kind = 'production companies'
  AND it.info = 'bottom 10 rank'
  AND mc.note NOT LIKE '%(as Metro-Goldwyn-Mayer Pictures)%'
  AND t.production_year BETWEEN 2003 AND 2010
  AND ct.id = mc.company_type_id
  AND t.id = mc.movie_id
  AND t.id = mi_idx.movie_id
  AND mc.movie_id = mi_idx.movie_id
  AND it.id = mi_idx.info_type_id;
```

**原来的结果**
```
 Aggregate  (cost=183733.67..183733.68 rows=1 width=113) (actual time=3859.672..3859.673 rows=1 loops=1)
   ->  Hash Join  (cost=112280.23..179268.43 rows=595366 width=45) (actual time=3237.316..3859.534 rows=4 loops=1)
         Hash Cond: (mc.movie_id = t.id), (Expression Flatten Optimized)
         ->  Nested Loop  (cost=0.00..55534.27 rows=1304518 width=28) (actual time=19.351..1239.409 rows=140904 loops=1)
               ->  Seq Scan on company_type ct  (cost=0.00..1.05 rows=1 width=4) (actual time=0.022..0.033 rows=1 loops=1)
                     Filter: ((kind)::text = 'production companies'::text), (Expression Flatten Optimized)
                     Rows Removed by Filter: 3
               ->  Index Scan using company_type_id_movie_companies on movie_companies mc  (cost=0.00..42488.04 rows=1304518 width=32) (actual time=19.320..1193.580 rows=140904 loops=1)
                     Index Cond: (company_type_id = ct.id), (Expression Flatten Optimized)
                     Filter: (note !~~ '%(as Metro-Goldwyn-Mayer Pictures)%'::text), (Expression Flatten Optimized)
                     Rows Removed by Filter: 1193979
         ->  Hash  (cost=107184.16..107184.16 rows=407686 width=29) (actual time=2559.279..2559.279 rows=6 loops=1)
                Buckets: 524288  Batches: 1  Memory Usage: 1kB
               ->  Hash Join  (cost=87574.40..107184.16 rows=407686 width=29) (actual time=2559.219..2559.238 rows=6 loops=1)
                     Hash Cond: (mi_idx.movie_id = t.id), (Expression Flatten Optimized)
                     ->  Nested Loop  (cost=4002.87..18241.98 rows=345009 width=4) (actual time=20.524..20.544 rows=10 loops=1)
                           ->  Seq Scan on info_type it  (cost=0.00..2.41 rows=1 width=4) (actual time=0.064..0.067 rows=1 loops=1)
                                 Filter: ((info)::text = 'bottom 10 rank'::text), (Expression Flatten Optimized)
                                 Rows Removed by Filter: 112
                           ->  Bitmap Heap Scan on movie_info_idx mi_idx  (cost=4002.87..14789.48 rows=345009 width=8) (actual time=20.444..20.455 rows=10 loops=1)
                                 Recheck Cond: (info_type_id = it.id), (Expression Flatten Optimized)
                                 Heap Blocks: exact=1
                                 ->  Bitmap Index Scan on info_type_id_movie_info_idx  (cost=0.00..3916.62 rows=345009 width=0) (actual time=16.230..16.230 rows=10 loops=1)
                                       Index Cond: (info_type_id = it.id)
                     ->  Hash  (cost=72709.68..72709.68 rows=868948 width=25) (actual time=2532.738..2532.738 rows=868629 loops=1)
                            Buckets: 1048576  Batches: 1  Memory Usage: 49778kB
                           ->  Seq Scan on title t  (cost=2060.61..72709.68 rows=868948 width=25) (actual time=0.043..1953.299 rows=868629 loops=1)
                                 Filter: ((production_year >= 2003) AND (production_year <= 2010)), (Expression Flatten Optimized)
                                 Rows Removed by Filter: 1659683
 Total runtime: 3861.990 ms
```

**优化结果**

```
===== Copilot智能分析与建议 =====
# SQL优化分析报告

## 1. 优化建议

### 执行计划关键问题分析

1. **行数估算偏差严重**:
   - `movie_companies`表估算返回1,304,518行，实际返回140,904行(过滤后)
   - `title`表估算返回868,948行，实际返回868,629行(接近)
   - `movie_info_idx`表估算返回345,009行，实际返回10行(严重偏差)

2. **高消耗操作**:
   - `title`表全表扫描耗时1,953ms，内存使用49,778kB
   - `movie_companies`表索引扫描返回1,334,883行(140,904+1,193,979)，过滤89.4%数据
   - Hash Join构建哈希表消耗大量内存

3. **连接顺序问题**:
   - 当前计划先连接`company_type`和`movie_companies`，产生140,904行中间结果
   - 更好的顺序可能是先过滤`title`和`movie_info_idx`(仅6行结果)

### 具体优化建议

1. **统计信息更新**:
   - 对`movie_info_idx`表执行`ANALYZE`，特别是`info_type_id`列的统计信息
   - 增加`default_statistics_target`到500以上

2. **索引优化**:
   - 在`title.production_year`上创建索引，避免全表扫描
   - 考虑在`movie_companies(note)`上创建部分索引: `CREATE INDEX idx_mc_note ON movie_companies(note) WHERE note NOT LIKE '%(as Metro-Goldwyn-Mayer Pictures)%'`

3. **SQL重写**:
   - 使用CTE先过滤小结果集表
   - 调整连接顺序，先处理高选择性的条件

4. **参数调整**:
   - 增加`work_mem`以容纳更大的哈希表
   - 考虑适当设置`query_dop`启用并行查询

## 2. 优化后SQL

```sql
-- 设置更大的work_mem以容纳哈希表
SET LOCAL work_mem = '64MB';

WITH filtered_movies AS (
    SELECT t.id, t.title, t.production_year
    FROM title t
    JOIN movie_info_idx mi_idx ON t.id = mi_idx.movie_id
    JOIN info_type it ON mi_idx.info_type_id = it.id
    WHERE t.production_year BETWEEN 2003 AND 2010
    AND it.info = 'bottom 10 rank'
)
SELECT MIN(mc.note) AS production_note,
       MIN(fm.title) AS movie_title,
       MIN(fm.production_year) AS movie_year
FROM filtered_movies fm
JOIN movie_companies mc ON fm.id = mc.movie_id
JOIN company_type ct ON mc.company_type_id = ct.id
WHERE ct.kind = 'production companies'
  AND mc.note NOT LIKE '%(as Metro-Goldwyn-Mayer Pictures)%';
```

优化说明:
1. 使用CTE先处理高选择性的`movie_info_idx`和`title`连接，将中间结果从868,629行减少到6行
2. 调整连接顺序，先过滤小结果集再连接大表
3. 显式设置`work_mem`避免哈希操作使用磁盘
4. 保留了原有业务逻辑的所有过滤条件

## 3. 需要用户补充的信息

1. 请提供`movie_info_idx`表中`info_type_id = (SELECT id FROM info_type WHERE info = 'bottom 10 rank')`的记录数，以确认统计信息是否准确
2. 请确认`title`表在`production_year`列上是否已有索引
3. 请提供当前数据库的`work_mem`和`default_statistics_target`参数设置值
4. 请确认`movie_companies`表中`note LIKE '%(as Metro-Goldwyn-Mayer Pictures)%'`的记录占比，以评估部分索引的收益

## 4. 预期优化效果

1. 预计执行时间从3,862ms降低到500ms以下(约87%提升)
2. 内存使用量从约50MB降低到10MB以下
3. 消除全表扫描，全部使用索引访问
4. 中间结果集大小从百万级降低到个位数

优化效果主要取决于:
- `movie_info_idx`与`title`连接的实际选择性
- `production_year`索引的实际过滤效果
- 哈希表能否完全在内存中构建

【多轮问答】你可以继续补充信息、主动提问或直接输入exit/quit结束会诊。
请输入你的补充信息或问题（多行，END/#END/两次空行结束，或输入exit/quit退出）：
```

**优化执行**
```
                                                                                            QUERY PLAN                                                                                     
       
-------------------------------------------------------------------------------------------------------------------------------------------------------------------------------------------
-------
 [Parameterized]
 Aggregate  (cost=217111.79..217111.82 rows=1 width=113) (actual time=[1234.002,1234.003]..[1234.002,1234.003], rows=1)
   ->  Streaming(type: LOCAL GATHER dop: 1/4)  (cost=217111.79..217111.82 rows=1 width=113) (actual time=[1170.427,1233.865]..[1170.427,1233.865], rows=4)
         ->  Aggregate  (cost=217111.79..217111.80 rows=1 width=113) (actual time=[1157.587,1157.587]..[1221.468,1221.468], rows=4)
               ->  Hash Join  (cost=158785.32..213474.11 rows=485024 width=45) (actual time=[1155.373,1157.549]..[1220.940,1221.432], rows=4)
                     Hash Cond: (mc.movie_id = t.id), (Expression Flatten Optimized)
                     ->  Hash Join  (cost=10001.16..36983.72 rows=1304518 width=28) (actual time=[280.761,450.579]..[335.782,512.653], rows=140904)
                           Hash Cond: (mc.company_type_id = ct.id), (Expression Flatten Optimized)
                           ->  Seq Scan on movie_companies mc  (cost=0.00..22086.53 rows=2609036 width=32) (actual time=[0.088,352.255]..[0.125,397.558], rows=1337088)
                                 Filter: (note !~~ '%(as Metro-Goldwyn-Mayer Pictures)%'::text), (Expression Flatten Optimized)
                                 Rows Removed by Filter: 1272041
                           ->  Hash  (cost=10001.15..10001.15 rows=4 width=4) (actual time=[0.039,0.039]..[0.072,0.072], rows=4)
                                 Max Buckets: 32768  Max Batches: 1  Max Memory Usage: 1kB
                                 Min Buckets: 32768  Min Batches: 1  Min Memory Usage: 1kB
                                 ->  Streaming(type: BROADCAST dop: 4/1)  (cost=0.00..10001.15 rows=4 width=4) (actual time=[0.014,0.014]..[0.019,0.034], rows=4)
                                       ->  Seq Scan on company_type ct  (cost=0.00..1.05 rows=1 width=4) (actual time=[0.018,0.021]..[0.018,0.021], rows=1)
                                             Filter: ((kind)::text = 'production companies'::text), (Expression Flatten Optimized)
                                             Rows Removed by Filter: 3
                     ->  Hash  (cost=134132.83..134132.83 rows=1630744 width=29) (actual time=[679.900,679.900]..[683.000,683.000], rows=24)
                           Max Buckets: 65536  Max Batches: 8  Max Memory Usage: 1kB
                           Min Buckets: 65536  Min Batches: 8  Min Memory Usage: 1kB
                           ->  Streaming(type: BROADCAST dop: 4/4)  (cost=35984.38..134132.83 rows=1630744 width=29) (actual time=[649.658,679.594]..[652.751,682.719], rows=24)
                                 ->  Hash Join  (cost=35984.38..107570.59 rows=407686 width=29) (actual time=[620.772,653.392]..[648.310,682.938], rows=6)
                                       Hash Cond: (mi_idx.movie_id = t.id), (Expression Flatten Optimized)
                                       ->  Streaming(type: BROADCAST dop: 4/4)  (cost=0.00..53399.70 rows=1380036 width=4) (actual time=[0.097,0.099]..[0.133,0.135], rows=40)
                                             ->  Nested Loop  (cost=0.00..29383.71 rows=345009 width=4) (actual time=[197.548,197.548]..[208.786,208.794], rows=10)
                                                   Join Filter: (mi_idx.info_type_id = it.id), (Expression Flatten Optimized)
                                                   Rows Removed by Join Filter: 1380025
                                                   ->  Streaming(type: BROADCAST dop: 4/1)  (cost=0.00..10002.51 rows=4 width=4) (actual time=[0.010,0.012]..[0.014,0.016], rows=4)
                                                         ->  Seq Scan on info_type it  (cost=0.00..2.41 rows=1 width=4) (actual time=[0.067,0.068]..[0.067,0.068], rows=1)
                                                               Filter: ((info)::text = 'bottom 10 rank'::text), (Expression Flatten Optimized)
                                                               Rows Removed by Filter: 112
                                                   ->  Seq Scan on movie_info_idx mi_idx  (cost=0.00..15068.59 rows=1380035 width=8) (actual time=[0.070,122.276]..[0.130,129.499], rows=13
80035)
                                       ->  Hash  (cost=28177.42..28177.42 rows=868948 width=25) (actual time=[618.990,618.990]..[647.398,647.398], rows=868629)
                                             Max Buckets: 65536  Max Batches: 4  Max Memory Usage: 3000kB
                                             Min Buckets: 65536  Min Batches: 4  Min Memory Usage: 3000kB
                                             ->  Seq Scan on title t  (cost=798.55..28177.42 rows=868948 width=25) (actual time=[0.026,465.549]..[0.391,482.777], rows=868629)
                                                   Filter: ((production_year >= 2003) AND (production_year <= 2010)), (Expression Flatten Optimized)
                                                   Rows Removed by Filter: 1659683
 Total runtime: 1242.194 ms
(40 rows)
```


# 语句3（03a）

**原来的SQL语句**
```sql
SELECT MIN(t.title) AS movie_title
FROM keyword AS k,
     movie_info AS mi,
     movie_keyword AS mk,
     title AS t
WHERE k.keyword LIKE '%sequel%'
  AND mi.info IN ('Sweden',
                  'Norway',
                  'Germany',
                  'Denmark',
                  'Swedish',
                  'Denish',
                  'Norwegian',
                  'German')
  AND t.production_year > 2005
  AND t.id = mi.movie_id
  AND t.id = mk.movie_id
  AND mk.movie_id = mi.movie_id
  AND k.id = mk.keyword_id;


```
**原来的输出**
```
 [Parameterized]
 Aggregate  (cost=5010.54..5010.55 rows=1 width=49) (actual time=1383.648..1383.648 rows=1 loops=1)
   ->  Nested Loop  (cost=0.00..5009.21 rows=532 width=17) (actual time=15.480..1383.157 rows=206 loops=1)
         ->  Nested Loop  (cost=0.00..3995.81 rows=438 width=8) (actual time=4.446..1348.611 rows=1766 loops=1)
               ->  Nested Loop  (cost=0.00..2932.75 rows=425 width=4) (actual time=3.932..187.552 rows=12951 loops=1)
                     ->  Seq Scan on keyword k  (cost=0.00..2436.12 rows=13 width=4) (actual time=3.845..71.243 rows=30 loops=1)
                           Filter: (keyword ~~ '%sequel%'::text), (Expression Flatten Optimized)
                           Rows Removed by Filter: 134140
                     ->  Index Scan using keyword_id_movie_keyword on movie_keyword mk  (cost=0.00..37.87 rows=33 width=8) (actual time=1.390..110.555 rows=12951 loops=30)
                           Index Cond: (keyword_id = k.id)
               ->  Index Scan using movie_id_movie_info on movie_info mi  (cost=0.00..2.49 rows=1 width=4) (actual time=1054.364..1146.178 rows=1766 loops=12951)
                     Index Cond: (movie_id = mk.movie_id)
                     Filter: (info = ANY ('{Sweden,Norway,Germany,Denmark,Swedish,Denish,Norwegian,German}'::text[]))
                     Rows Removed by Filter: 457629
         ->  Index Scan using title_pkey on title t  (cost=0.00..2.30 rows=1 width=21) (actual time=32.450..32.450 rows=206 loops=1766)
               Index Cond: (id = mi.movie_id)
               Filter: (production_year > 2005)
               Rows Removed by Filter: 1560
 Total runtime: 1384.407 ms
(19 rows)

```




**优化建议**
```
===== Copilot智能分析与建议 =====
# SQL优化分析报告

## 1. 优化建议

### 执行计划关键问题分析
1. **keyword表Seq Scan问题**：
   - 扫描134170行，仅保留30行（Filter效率低）
   - 模糊查询`LIKE '%sequel%'`无法使用索引
   - 实际行数(30)与估算行数(13)有偏差

2. **movie_info表Index Scan问题**：
   - 最严重性能瓶颈，执行12951次循环
   - 每次循环平均耗时1054ms，总耗时占比85%
   - 过滤条件效率低：输入12951行，仅输出1766行

3. **title表Index Scan问题**：
   - 执行1766次循环，存在1560行被过滤
   - 生产年份过滤条件效率可优化

4. **连接顺序问题**：
   - 当前顺序：keyword → movie_keyword → movie_info → title
   - movie_info过滤性最好，应优先连接

### 具体优化措施
1. **SQL重写**：
   - 调整连接顺序，优先过滤性好的表
   - 使用CTE预过滤数据
   - 消除冗余连接条件

2. **索引建议**：
   - 为movie_info(info)创建索引
   - 为title(production_year)创建部分索引

3. **GUC参数建议**：
   - 增大work_mem：`SET work_mem = '16MB'`
   - 适当提高并行度：`SET query_dop = 4`

4. **统计信息建议**：
   - 对keyword.keyword列收集更详细的统计信息
   - 执行：`ANALYZE VERBOSE keyword(keyword)`

## 2. 优化后SQL

```sql
/* 设置优化参数 */
SET work_mem = '16MB';
SET query_dop = 4;

WITH filtered_keywords AS (
    SELECT id FROM keyword WHERE keyword LIKE '%sequel%'
),
filtered_movies AS (
    SELECT mi.movie_id
    FROM movie_info mi
    WHERE mi.info IN ('Sweden','Norway','Germany','Denmark',
                     'Swedish','Denish','Norwegian','German')
)
SELECT MIN(t.title) AS movie_title
FROM filtered_keywords k
JOIN movie_keyword mk ON k.id = mk.keyword_id
JOIN filtered_movies fm ON mk.movie_id = fm.movie_id
JOIN title t ON mk.movie_id = t.id
WHERE t.production_year > 2005;
```

优化说明：
1. 使用CTE预过滤keyword和movie_info表，减少中间结果集
2. 调整连接顺序，优先过滤性好的条件
3. 消除冗余连接条件(t.id = mi.movie_id和mk.movie_id = mi.movie_id)
4. 添加性能优化参数设置

## 3. 需要用户补充的信息

1. **表数据量**：
   - 请提供各表的总行数，特别是movie_info表的精确行数

2. **现有索引**：
   - 请确认movie_info表是否已有info列的索引
   - 请确认title表production_year列的索引情况

3. **业务约束**：
   - 是否必须保留`LIKE '%sequel%'`的模糊查询方式
   - production_year > 2005条件是否会变化

4. **系统配置**：
   - 当前work_mem和query_dop参数设置值
   - 服务器可用内存大小

## 4. 预期优化效果

1. **性能提升**：
   - 预计执行时间从1384ms降低到300-500ms
   - 主要减少movie_info表的重复扫描

2. **资源消耗**：
   - 内存使用量增加约16MB
   - CPU利用率可能提高(因并行度增加)

3. **稳定性**：
   - 执行计划更稳定，减少行数估算偏差
   - 对参数变化更不敏感

【多轮问答】你可以继续补充信息、主动提问或直接输入exit/quit结束会诊。
请输入你的补充信息或问题（多行，END/#END/两次空行结束，或输入exit/quit退出）：
```

```
                                                                                 QUERY PLAN                                                                                 
----------------------------------------------------------------------------------------------------------------------------------------------------------------------------
 [Parameterized]
 Aggregate  (cost=5010.04..5010.05 rows=1 width=49) (actual time=1400.223..1400.224 rows=1 loops=1)
   ->  Nested Loop  (cost=0.00..5008.71 rows=532 width=17) (actual time=15.695..1399.725 rows=206 loops=1)
         ->  Nested Loop  (cost=0.00..3995.81 rows=438 width=8) (actual time=4.530..1364.273 rows=1766 loops=1)
               ->  Nested Loop  (cost=0.00..2932.75 rows=425 width=4) (actual time=4.003..192.321 rows=12951 loops=1)
                     ->  Seq Scan on keyword  (cost=0.00..2436.12 rows=13 width=4) (actual time=3.913..73.047 rows=30 loops=1)
                           Filter: (keyword ~~ '%sequel%'::text), (Expression Flatten Optimized)
                           Rows Removed by Filter: 134140
                     ->  Index Scan using keyword_id_movie_keyword on movie_keyword mk  (cost=0.00..37.87 rows=33 width=8) (actual time=1.471..113.559 rows=12951 loops=30)
                           Index Cond: (keyword_id = keyword.id)
               ->  Index Scan using movie_id_movie_info on movie_info mi  (cost=0.00..2.49 rows=1 width=4) (actual time=1064.279..1156.914 rows=1766 loops=12951)
                     Index Cond: (movie_id = mk.movie_id)
                     Filter: (info = ANY ('{Sweden,Norway,Germany,Denmark,Swedish,Denish,Norwegian,German}'::text[]))
                     Rows Removed by Filter: 457629
         ->  Index Scan using title_pkey on title t  (cost=0.00..2.30 rows=1 width=21) (actual time=33.186..33.186 rows=206 loops=1766)
               Index Cond: (id = mk.movie_id)
               Filter: (production_year > 2005)
               Rows Removed by Filter: 1560
 Total runtime: 1401.045 ms
(19 rows)

```



**修改建议**
```
===== Copilot智能分析与建议 =====
# SQL优化分析报告

## 1. 优化建议

### 执行计划关键问题分析

| 节点 | 问题点 | 数据表现 | 优化方向 |
|------|--------|----------|----------|
| Seq Scan on keyword k | 模糊查询导致全表扫描 | 扫描134170行，仅返回30行 | 考虑使用trigram索引 |
| Nested Loop (mk-mi_idx) | 循环次数过多(12951次) | 每次循环平均耗时0.28ms | 考虑改变连接顺序 |
| Index Scan on movie_info_idx | 过滤条件效率低 | 过滤掉9653/14901≈65%数据 | 考虑提前过滤 |
| Index Scan on title t | 循环次数过多(8092次) | 每次循环平均耗时0.064ms | 考虑改变连接顺序 |
| Join Filter (mi_idx-it) | 连接过滤效率低 | 过滤掉6809/14901≈46%数据 | 提前过滤 |

### 具体优化建议

1. **索引优化**：
   - 为keyword.keyword列创建trigram索引以加速模糊查询：`CREATE EXTENSION pg_trgm; CREATE INDEX idx_keyword_trgm ON keyword USING gin (keyword gin_trgm_ops);`
   - 确保movie_info_idx.info_type_id有索引

2. **SQL重写**：
   - 改变连接顺序，先过滤后连接
   - 使用CTE提前过滤数据
   - 消除冗余连接条件(t.id = mi_idx.movie_id AND t.id = mk.movie_id AND mk.movie_id = mi_idx.movie_id)

3. **统计信息**：
   - 对info_type.info、keyword.keyword、movie_info_idx.info等列收集更详细的统计信息
   - 增加default_statistics_target值

4. **参数调优**：
   - 适当增加work_mem以优化嵌套循环性能
   - 考虑启用并行查询(query_dop=2或4)

## 2. 优化后SQL

```sql
-- 启用并行查询
SET query_dop = 4;

-- 使用CTE提前过滤数据
WITH filtered_keywords AS (
    SELECT id FROM keyword WHERE keyword LIKE '%sequel%'  -- 使用trigram索引加速
),
filtered_movies AS (
    SELECT DISTINCT mk.movie_id
    FROM movie_keyword mk
    JOIN filtered_keywords fk ON mk.keyword_id = fk.id
),
filtered_ratings AS (
    SELECT mi_idx.movie_id, mi_idx.info
    FROM movie_info_idx mi_idx
    JOIN info_type it ON mi_idx.info_type_id = it.id AND it.info = 'rating'
    WHERE mi_idx.info > '2.0'
)
SELECT MIN(fr.info) AS rating,
       MIN(t.title) AS movie_title
FROM title t
JOIN filtered_movies fm ON t.id = fm.movie_id
JOIN filtered_ratings fr ON t.id = fr.movie_id
WHERE t.production_year > 1996;
```

优化理由：
1. 使用CTE分阶段过滤数据，减少中间结果集
2. 改变连接顺序，先过滤后连接
3. 消除冗余连接条件
4. 使用DISTINCT减少重复数据
5. 添加并行查询提示

## 3. 需要用户补充的信息

1. 各表的数据量大小（特别是title、movie_keyword、movie_info_idx表）
2. 当前数据库的work_mem和default_statistics_target参数设置
3. 是否允许创建扩展(pg_trgm)
4. 业务上是否必须保留LIKE '%sequel%'这种模糊查询模式
5. 该查询的执行频率（决定优化投入的性价比）

## 4. 预期优化效果

1. 预计执行时间可从1045ms降低到300-500ms（基于当前执行计划估算）
2. 减少I/O操作，特别是keyword表的全表扫描
3. 降低CPU消耗，减少不必要的循环连接
4. 内存使用更高效，通过分阶段处理减少中间结果集

主要优化收益来自：
- 模糊查询从全表扫描变为索引扫描
- 减少嵌套循环次数（从12951次降低到更合理范围）
- 提前过滤无效数据

【多轮问答】你可以继续补充信息、主动提问或直接输入exit/quit结束会诊。
请输入你的补充信息或问题（多行，END/#END/两次空行结束，或输入exit/quit退出）：
```


**修改后输出**
```
                                                                                      QUERY PLAN                                                                                       
---------------------------------------------------------------------------------------------------------------------------------------------------------------------------------------
 [Parameterized]
 Aggregate  (cost=4415.12..4415.13 rows=1 width=86) (actual time=643.772..643.773 rows=1 loops=1)
   CTE filtered_keywords
     ->  Seq Scan on keyword  (cost=0.00..2436.12 rows=13 width=4) (actual time=3.888..71.171 rows=30 loops=1)
           Filter: (keyword ~~ '%sequel%'::text), (Expression Flatten Optimized)
           Rows Removed by Filter: 134140
   ->  Nested Loop  (cost=497.95..1978.48 rows=104 width=22) (actual time=162.974..641.239 rows=2512 loops=1)
         Join Filter: (mk.movie_id = t.id), (Expression Flatten Optimized)
         ->  Nested Loop  (cost=497.95..1566.70 rows=232 width=13) (actual time=162.888..438.266 rows=6837 loops=1)
               Join Filter: (mi_idx.info_type_id = it.id), (Expression Flatten Optimized)
               Rows Removed by Join Filter: 5690
               ->  Seq Scan on info_type it  (cost=0.00..2.41 rows=1 width=4) (actual time=0.062..0.083 rows=1 loops=1)
                     Filter: ((info)::text = 'rating'::text), (Expression Flatten Optimized)
                     Rows Removed by Filter: 112
               ->  Nested Loop  (cost=497.95..1552.68 rows=929 width=17) (actual time=162.811..431.810 rows=12527 loops=1)
                     ->  HashAggregate  (cost=497.95..502.20 rows=425 width=4) (actual time=162.672..169.778 rows=10763 loops=1)
                           Group By Key: mk.movie_id
                           ->  Nested Loop  (cost=0.00..496.89 rows=425 width=4) (actual time=3.990..151.155 rows=12951 loops=1)
                                 ->  CTE Scan on filtered_keywords fk  (cost=0.00..0.26 rows=13 width=4) (actual time=3.895..71.254 rows=30 loops=1)
                                 ->  Index Scan using keyword_id_movie_keyword on movie_keyword mk  (cost=0.00..37.87 rows=33 width=8) (actual time=1.281..75.411 rows=12951 loops=30)
                                       Index Cond: (keyword_id = fk.id)
                     ->  Index Scan using movie_id_movie_info_idx on movie_info_idx mi_idx  (cost=0.00..2.44 rows=2 width=13) (actual time=233.210..245.716 rows=12527 loops=10763)
                           Index Cond: (movie_id = mk.movie_id)
                           Filter: (info > '2.0'::text)
                           Rows Removed by Filter: 8203
         ->  Index Scan using title_pkey on title t  (cost=0.00..1.76 rows=1 width=21) (actual time=193.807..193.807 rows=2512 loops=6837)
               Index Cond: (id = mi_idx.movie_id)
               Filter: (production_year > 1996)
               Rows Removed by Filter: 4325
 Total runtime: 644.652 ms
```


